<?xml version="1.0" encoding="UTF-8"?>
<TestRun id="00405add-8922-4c7c-b9c7-5e3581f04e90" name="calsilva@NB016671E 2013-04-24 20:43:31" runUser="BRQ\calsilva" xmlns="http://microsoft.com/schemas/VisualStudio/TeamTest/2010">
  <TestSettings name="Local" id="ce4cf718-82fe-415f-9109-872cffc35081">
    <Description>These are default test settings for a local test run.</Description>
    <Deployment enabled="false" runDeploymentRoot="calsilva_NB016671E 2013-04-24 20_43_31">
      <DeploymentItem filename="C:\curso_tdd_tfs\TesteTdd\TesteTdd\bin\Debug\TesteTdd.dll" />
    </Deployment>
    <Execution>
      <TestTypeSpecific />
      <AgentRule name="Execution Agents">
      </AgentRule>
    </Execution>
  </TestSettings>
  <Times creation="2013-04-24T20:43:31.7355734-03:00" queuing="2013-04-24T20:43:31.7835761-03:00" start="2013-04-24T20:43:31.8045773-03:00" finish="2013-04-24T20:43:32.0815932-03:00" />
  <ResultSummary outcome="Failed">
    <Counters total="2" executed="2" passed="1" error="0" failed="1" timeout="0" aborted="0" inconclusive="0" passedButRunAborted="0" notRunnable="0" notExecuted="0" disconnected="0" warning="0" completed="0" inProgress="0" pending="0" />
  </ResultSummary>
  <TestDefinitions>
    <UnitTest name="SubtracaoTest" storage="c:\curso_tdd_tfs\testetdd\calculadoratest\bin\debug\calculadoratest.dll" id="efd0d7ed-f9be-3357-77ef-299525c0eee0">
      <Execution id="51b5eea5-31e9-4c8d-96d6-28e0c822767e" />
      <TestMethod codeBase="C:/curso_tdd_tfs/TesteTdd/CalculadoraTest/bin/Debug/CalculadoraTest.DLL" adapterTypeName="Microsoft.VisualStudio.TestTools.TestTypes.Unit.UnitTestAdapter, Microsoft.VisualStudio.QualityTools.Tips.UnitTest.Adapter, Version=10.0.0.0, Culture=neutral, PublicKeyToken=b03f5f7f11d50a3a" className="CalculadoraTest.CalculadoraTest, CalculadoraTest, Version=1.0.0.0, Culture=neutral, PublicKeyToken=null" name="SubtracaoTest" />
    </UnitTest>
    <UnitTest name="SomaTest" storage="c:\curso_tdd_tfs\testetdd\calculadoratest\bin\debug\calculadoratest.dll" id="211aec58-28c6-221a-901e-671c8eb194f9">
      <Execution id="3cc7fd0c-20c0-463f-838f-679c7e8a184f" />
      <TestMethod codeBase="C:/curso_tdd_tfs/TesteTdd/CalculadoraTest/bin/Debug/CalculadoraTest.DLL" adapterTypeName="Microsoft.VisualStudio.TestTools.TestTypes.Unit.UnitTestAdapter, Microsoft.VisualStudio.QualityTools.Tips.UnitTest.Adapter, Version=10.0.0.0, Culture=neutral, PublicKeyToken=b03f5f7f11d50a3a" className="CalculadoraTest.CalculadoraTest, CalculadoraTest, Version=1.0.0.0, Culture=neutral, PublicKeyToken=null" name="SomaTest" />
    </UnitTest>
  </TestDefinitions>
  <TestLists>
    <TestList name="Results Not in a List" id="8c84fa94-04c1-424b-9868-57a2d4851a1d" />
    <TestList name="All Loaded Results" id="19431567-8539-422a-85d7-44ee4e166bda" />
  </TestLists>
  <TestEntries>
    <TestEntry testId="211aec58-28c6-221a-901e-671c8eb194f9" executionId="3cc7fd0c-20c0-463f-838f-679c7e8a184f" testListId="8c84fa94-04c1-424b-9868-57a2d4851a1d" />
    <TestEntry testId="efd0d7ed-f9be-3357-77ef-299525c0eee0" executionId="51b5eea5-31e9-4c8d-96d6-28e0c822767e" testListId="8c84fa94-04c1-424b-9868-57a2d4851a1d" />
  </TestEntries>
  <Results>
    <UnitTestResult executionId="3cc7fd0c-20c0-463f-838f-679c7e8a184f" testId="211aec58-28c6-221a-901e-671c8eb194f9" testName="SomaTest" computerName="NB016671E" duration="00:00:00.0120869" startTime="2013-04-24T20:43:31.8085775-03:00" endTime="2013-04-24T20:43:32.0215897-03:00" testType="13cdc9d9-ddb5-4fa4-a97d-d965ccfc6d4b" outcome="Passed" testListId="8c84fa94-04c1-424b-9868-57a2d4851a1d" relativeResultsDirectory="3cc7fd0c-20c0-463f-838f-679c7e8a184f">
    </UnitTestResult>
    <UnitTestResult executionId="51b5eea5-31e9-4c8d-96d6-28e0c822767e" testId="efd0d7ed-f9be-3357-77ef-299525c0eee0" testName="SubtracaoTest" computerName="NB016671E" duration="00:00:00.0411707" startTime="2013-04-24T20:43:32.0225898-03:00" endTime="2013-04-24T20:43:32.0675924-03:00" testType="13cdc9d9-ddb5-4fa4-a97d-d965ccfc6d4b" outcome="Failed" testListId="8c84fa94-04c1-424b-9868-57a2d4851a1d" relativeResultsDirectory="51b5eea5-31e9-4c8d-96d6-28e0c822767e">
      <Output>
        <ErrorInfo>
          <Message>Test method CalculadoraTest.CalculadoraTest.SubtracaoTest threw exception: 
System.NotImplementedException: O método ou a operação não está implementada.</Message>
          <StackTrace>    em TesteTdd.Calculadora.Subtracao(Int32 num1, Int32 num2) na C:\curso_tdd_tfs\TesteTdd\TesteTdd\Calculadora.cs:linha 17
   em CalculadoraTest.CalculadoraTest.SubtracaoTest() na C:\curso_tdd_tfs\TesteTdd\CalculadoraTest\CalculadoraTest.cs:linha 90
</StackTrace>
        </ErrorInfo>
      </Output>
    </UnitTestResult>
  </Results>
</TestRun>