<?xml version="1.0" encoding="UTF-8"?>
<TestRun id="1c47bfdf-2b33-4809-b0f2-22977d1bb12b" name="calsilva@NB016671E 2013-04-24 21:02:33" runUser="BRQ\calsilva" xmlns="http://microsoft.com/schemas/VisualStudio/TeamTest/2010">
  <TestSettings name="Local" id="be74ecfe-c110-447b-a0ef-4b528e5ec614">
    <Description>These are default test settings for a local test run.</Description>
    <Deployment enabled="false" runDeploymentRoot="calsilva_NB016671E 2013-04-24 21_02_33">
      <DeploymentItem filename="C:\curso_tdd_tfs\ProcessaTexto\ProcessaTextoBL\bin\Debug\ProcessaTextoBL.dll" />
    </Deployment>
    <Execution>
      <TestTypeSpecific />
      <AgentRule name="Execution Agents">
      </AgentRule>
    </Execution>
  </TestSettings>
  <Times creation="2013-04-24T21:02:33.3818718-03:00" queuing="2013-04-24T21:02:33.4278744-03:00" start="2013-04-24T21:02:33.4378750-03:00" finish="2013-04-24T21:02:33.6948897-03:00" />
  <ResultSummary outcome="Failed">
    <Counters total="1" executed="1" error="0" failed="1" timeout="0" aborted="0" inconclusive="0" passedButRunAborted="0" notRunnable="0" notExecuted="0" disconnected="0" warning="0" passed="0" completed="0" inProgress="0" pending="0" />
  </ResultSummary>
  <TestDefinitions>
    <UnitTest name="ConverteEntradaEmDiasTest" storage="c:\curso_tdd_tfs\processatexto\processotextotest\bin\debug\processotextotest.dll" id="df639ac9-b7d7-a583-7e91-dfe2b873e1c6">
      <Execution id="2c995399-bce4-4ca3-be81-e8f7cd899574" />
      <TestMethod codeBase="C:/curso_tdd_tfs/ProcessaTexto/ProcessoTextoTest/bin/Debug/ProcessoTextoTest.DLL" adapterTypeName="Microsoft.VisualStudio.TestTools.TestTypes.Unit.UnitTestAdapter, Microsoft.VisualStudio.QualityTools.Tips.UnitTest.Adapter, Version=10.0.0.0, Culture=neutral, PublicKeyToken=b03f5f7f11d50a3a" className="ProcessoTextoTest.ProcessaTextoRegraTest, ProcessoTextoTest, Version=1.0.0.0, Culture=neutral, PublicKeyToken=null" name="ConverteEntradaEmDiasTest" />
    </UnitTest>
  </TestDefinitions>
  <TestLists>
    <TestList name="Results Not in a List" id="8c84fa94-04c1-424b-9868-57a2d4851a1d" />
    <TestList name="All Loaded Results" id="19431567-8539-422a-85d7-44ee4e166bda" />
  </TestLists>
  <TestEntries>
    <TestEntry testId="df639ac9-b7d7-a583-7e91-dfe2b873e1c6" executionId="2c995399-bce4-4ca3-be81-e8f7cd899574" testListId="8c84fa94-04c1-424b-9868-57a2d4851a1d" />
  </TestEntries>
  <Results>
    <UnitTestResult executionId="2c995399-bce4-4ca3-be81-e8f7cd899574" testId="df639ac9-b7d7-a583-7e91-dfe2b873e1c6" testName="ConverteEntradaEmDiasTest" computerName="NB016671E" duration="00:00:00.0637079" startTime="2013-04-24T21:02:33.4428753-03:00" endTime="2013-04-24T21:02:33.6828890-03:00" testType="13cdc9d9-ddb5-4fa4-a97d-d965ccfc6d4b" outcome="Failed" testListId="8c84fa94-04c1-424b-9868-57a2d4851a1d" relativeResultsDirectory="2c995399-bce4-4ca3-be81-e8f7cd899574">
      <Output>
        <ErrorInfo>
          <Message>Assert.AreEqual failed. Expected:&lt;System.Collections.Generic.List`1[System.Int32]&gt;. Actual:&lt;System.Collections.Generic.List`1[System.Int32]&gt;. </Message>
          <StackTrace>   em ProcessoTextoTest.ProcessaTextoRegraTest.ConverteEntradaEmDiasTest() na C:\curso_tdd_tfs\ProcessaTexto\ProcessoTextoTest\ProcessaTextoRegraTest.cs:linha 90
</StackTrace>
        </ErrorInfo>
      </Output>
    </UnitTestResult>
  </Results>
</TestRun>