<?xml version="1.0" encoding="UTF-8"?>
<TestRun id="fce0d40c-f84c-4acc-8b84-b445341f61dc" name="calsilva@NB016671E 2013-04-24 20:43:56" runUser="BRQ\calsilva" xmlns="http://microsoft.com/schemas/VisualStudio/TeamTest/2010">
  <TestSettings name="Local" id="ce4cf718-82fe-415f-9109-872cffc35081">
    <Description>These are default test settings for a local test run.</Description>
    <Deployment enabled="false" runDeploymentRoot="calsilva_NB016671E 2013-04-24 20_43_56">
      <DeploymentItem filename="C:\curso_tdd_tfs\TesteTdd\TesteTdd\bin\Debug\TesteTdd.dll" />
    </Deployment>
    <Execution>
      <TestTypeSpecific />
      <AgentRule name="Execution Agents">
      </AgentRule>
    </Execution>
  </TestSettings>
  <Times creation="2013-04-24T20:43:56.9610162-03:00" queuing="2013-04-24T20:43:57.0080189-03:00" start="2013-04-24T20:43:57.0210196-03:00" finish="2013-04-24T20:43:57.2590332-03:00" />
  <ResultSummary outcome="Completed">
    <Counters total="2" executed="2" passed="2" error="0" failed="0" timeout="0" aborted="0" inconclusive="0" passedButRunAborted="0" notRunnable="0" notExecuted="0" disconnected="0" warning="0" completed="0" inProgress="0" pending="0" />
  </ResultSummary>
  <TestDefinitions>
    <UnitTest name="SubtracaoTest" storage="c:\curso_tdd_tfs\testetdd\calculadoratest\bin\debug\calculadoratest.dll" id="efd0d7ed-f9be-3357-77ef-299525c0eee0">
      <Execution id="b87ef25e-ad32-487e-af0f-e8e5f9bb1cd4" />
      <TestMethod codeBase="C:/curso_tdd_tfs/TesteTdd/CalculadoraTest/bin/Debug/CalculadoraTest.DLL" adapterTypeName="Microsoft.VisualStudio.TestTools.TestTypes.Unit.UnitTestAdapter, Microsoft.VisualStudio.QualityTools.Tips.UnitTest.Adapter, Version=10.0.0.0, Culture=neutral, PublicKeyToken=b03f5f7f11d50a3a" className="CalculadoraTest.CalculadoraTest, CalculadoraTest, Version=1.0.0.0, Culture=neutral, PublicKeyToken=null" name="SubtracaoTest" />
    </UnitTest>
    <UnitTest name="SomaTest" storage="c:\curso_tdd_tfs\testetdd\calculadoratest\bin\debug\calculadoratest.dll" id="211aec58-28c6-221a-901e-671c8eb194f9">
      <Execution id="03817be2-cbb0-4532-9a46-9f7fa3bba1b9" />
      <TestMethod codeBase="C:/curso_tdd_tfs/TesteTdd/CalculadoraTest/bin/Debug/CalculadoraTest.DLL" adapterTypeName="Microsoft.VisualStudio.TestTools.TestTypes.Unit.UnitTestAdapter, Microsoft.VisualStudio.QualityTools.Tips.UnitTest.Adapter, Version=10.0.0.0, Culture=neutral, PublicKeyToken=b03f5f7f11d50a3a" className="CalculadoraTest.CalculadoraTest, CalculadoraTest, Version=1.0.0.0, Culture=neutral, PublicKeyToken=null" name="SomaTest" />
    </UnitTest>
  </TestDefinitions>
  <TestLists>
    <TestList name="Results Not in a List" id="8c84fa94-04c1-424b-9868-57a2d4851a1d" />
    <TestList name="All Loaded Results" id="19431567-8539-422a-85d7-44ee4e166bda" />
  </TestLists>
  <TestEntries>
    <TestEntry testId="211aec58-28c6-221a-901e-671c8eb194f9" executionId="03817be2-cbb0-4532-9a46-9f7fa3bba1b9" testListId="8c84fa94-04c1-424b-9868-57a2d4851a1d" />
    <TestEntry testId="efd0d7ed-f9be-3357-77ef-299525c0eee0" executionId="b87ef25e-ad32-487e-af0f-e8e5f9bb1cd4" testListId="8c84fa94-04c1-424b-9868-57a2d4851a1d" />
  </TestEntries>
  <Results>
    <UnitTestResult executionId="03817be2-cbb0-4532-9a46-9f7fa3bba1b9" testId="211aec58-28c6-221a-901e-671c8eb194f9" testName="SomaTest" computerName="NB016671E" duration="00:00:00.0135476" startTime="2013-04-24T20:43:57.0340204-03:00" endTime="2013-04-24T20:43:57.2410322-03:00" testType="13cdc9d9-ddb5-4fa4-a97d-d965ccfc6d4b" outcome="Passed" testListId="8c84fa94-04c1-424b-9868-57a2d4851a1d" relativeResultsDirectory="03817be2-cbb0-4532-9a46-9f7fa3bba1b9">
    </UnitTestResult>
    <UnitTestResult executionId="b87ef25e-ad32-487e-af0f-e8e5f9bb1cd4" testId="efd0d7ed-f9be-3357-77ef-299525c0eee0" testName="SubtracaoTest" computerName="NB016671E" duration="00:00:00.0003587" startTime="2013-04-24T20:43:57.2430323-03:00" endTime="2013-04-24T20:43:57.2470325-03:00" testType="13cdc9d9-ddb5-4fa4-a97d-d965ccfc6d4b" outcome="Passed" testListId="8c84fa94-04c1-424b-9868-57a2d4851a1d" relativeResultsDirectory="b87ef25e-ad32-487e-af0f-e8e5f9bb1cd4">
    </UnitTestResult>
  </Results>
</TestRun>